2016-04-18 20:45:48,215	INFO	Program started!
2016-04-18 20:45:48,215	INFO	Reading GLI.CFG
2016-04-18 20:45:48,215	INFO	GLI.CFG has been read
2016-04-18 20:45:48,215	INFO	Reading cfc-2.dtd
2016-04-18 20:45:48,216	INFO	cfc-2.dtd read
2016-04-18 20:45:48,216	INFO	Starting reading xml
2016-04-18 20:45:48,216	INFO	Reading db\cf74.xml xml file
2016-04-18 20:45:49,431	INFO	Reading db\cf75.xml xml file
2016-04-18 20:45:51,376	INFO	Reading db\cf76.xml xml file
2016-04-18 20:45:54,215	INFO	Reading db\cf77.xml xml file
2016-04-18 20:45:56,709	INFO	Reading db\cf78.xml xml file
2016-04-18 20:45:58,968	INFO	Reading db\cf79.xml xml file
2016-04-18 20:46:02,239	INFO	Inverted list created a list with 9488 words
2016-04-18 20:46:02,239	INFO	Inverted list made 676.5945613587962 words per second
2016-04-18 20:46:02,240	INFO	Inverted list made 0.4278633398137413 documents per second
2016-04-18 20:46:02,240	INFO	Writing on csv
2016-04-18 20:46:02,308	INFO	Finished!
2016-05-03 00:12:33,917	INFO	Program started!
2016-05-03 00:12:33,917	INFO	Reading GLI.CFG
2016-05-03 00:12:33,917	INFO	GLI.CFG has been read
2016-05-03 00:12:33,918	INFO	Reading cfc-2.dtd
2016-05-03 00:12:33,918	INFO	cfc-2.dtd read
2016-05-03 00:12:33,918	INFO	Starting reading xml
2016-05-03 00:12:33,919	INFO	Reading db\cf74.xml xml file
2016-05-03 00:12:35,792	INFO	Reading db\cf75.xml xml file
2016-05-03 00:12:38,944	INFO	Reading db\cf76.xml xml file
2016-05-03 00:12:43,303	INFO	Reading db\cf77.xml xml file
2016-05-03 00:12:47,450	INFO	Reading db\cf78.xml xml file
2016-05-03 00:12:51,304	INFO	Reading db\cf79.xml xml file
2016-05-03 00:12:56,934	INFO	Inverted list created a list with 9488 words
2016-05-03 00:12:56,934	INFO	Inverted list made 412.24775434897026 words per second
2016-05-03 00:12:56,934	INFO	Inverted list made 0.2606963033404112 documents per second
2016-05-03 00:12:56,934	INFO	Writing on csv
2016-05-03 00:12:57,010	INFO	Finished!
